2020-08-10 23:17:48,788 INFO notifyConnectTimeout:200

2020-08-10 23:17:48,791 INFO notifySocketTimeout:8000

2020-08-10 23:17:48,791 INFO isHealthCheck:true

2020-08-10 23:17:48,791 INFO maxHealthCheckFailCount:12

2020-08-10 23:17:48,791 INFO maxContent:10485760

2020-08-10 23:18:01,518 INFO use local db service for init

2020-08-10 23:18:06,097 WARN Lexical error at line 4, column 66.  Encountered: <EOF> after : "".

2020-08-10 23:18:06,216 WARN Syntax error: Encountered "*" at line 1, column 1.

2020-08-10 23:18:07,372 INFO use StandaloneDatabaseOperateImpl

2020-08-10 23:18:09,040 WARN DumpService start

2020-08-10 23:18:09,041 INFO start clear all config-info.

2020-08-10 23:18:09,051 WARN clear all config-info failed.

2020-08-10 23:18:09,052 WARN clear all config-info-tenant failed.

2020-08-10 23:18:09,099 INFO start clear all config-info-beta.

2020-08-10 23:18:09,100 WARN clear all config-info-beta failed.

2020-08-10 23:18:09,100 WARN clear all config-info-beta-tenant failed.

2020-08-10 23:18:09,109 INFO start clear all config-info-tag.

2020-08-10 23:18:09,110 WARN clear all config-info-tag failed.

2020-08-10 23:18:09,110 WARN clear all config-info-tag-tenant failed.

2020-08-10 23:19:56,856 INFO notifyConnectTimeout:200

2020-08-10 23:19:56,859 INFO notifySocketTimeout:8000

2020-08-10 23:19:56,859 INFO isHealthCheck:true

2020-08-10 23:19:56,859 INFO maxHealthCheckFailCount:12

2020-08-10 23:19:56,859 INFO maxContent:10485760

2020-08-10 23:19:56,859 INFO spring.datasource.platform:mysql

2020-08-10 23:20:11,565 WARN DumpService start

2020-08-10 23:20:11,566 INFO start clear all config-info.

2020-08-10 23:20:11,575 WARN clear all config-info failed.

2020-08-10 23:20:11,575 WARN clear all config-info-tenant failed.

2020-08-10 23:20:11,579 INFO start clear all config-info-beta.

2020-08-10 23:20:11,580 WARN clear all config-info-beta failed.

2020-08-10 23:20:11,580 WARN clear all config-info-beta-tenant failed.

2020-08-10 23:20:11,580 INFO start clear all config-info-tag.

2020-08-10 23:20:11,580 WARN clear all config-info-tag failed.

2020-08-10 23:20:11,581 WARN clear all config-info-tag-tenant failed.

