2020-08-11 00:00:41,615 INFO PERFORMANCE:|2|2|-1|-1

2020-08-11 00:05:41,617 INFO PERFORMANCE:|2|2|-1|-1

2020-08-11 00:10:41,618 INFO PERFORMANCE:|2|2|-1|-1

2020-08-11 00:15:41,619 INFO PERFORMANCE:|2|2|-1|-1

2020-08-11 00:20:41,620 INFO PERFORMANCE:|2|2|-1|-1

2020-08-11 00:25:41,621 INFO PERFORMANCE:|2|2|-1|-1

2020-08-11 00:30:41,622 INFO PERFORMANCE:|2|2|-1|-1

2020-08-11 00:35:41,622 INFO PERFORMANCE:|2|2|-1|-1

2020-08-11 00:40:41,623 INFO PERFORMANCE:|2|2|-1|-1

2020-08-11 00:45:41,624 INFO PERFORMANCE:|2|2|-1|-1

2020-08-11 00:50:41,625 INFO PERFORMANCE:|2|2|-1|-1

2020-08-11 00:55:41,625 INFO PERFORMANCE:|2|2|-1|-1

2020-08-11 01:00:41,626 INFO PERFORMANCE:|2|2|-1|-1

2020-08-11 01:05:41,627 INFO PERFORMANCE:|2|2|-1|-1

2020-08-11 01:10:41,628 INFO PERFORMANCE:|2|2|-1|-1

2020-08-11 01:15:41,629 INFO PERFORMANCE:|2|2|-1|-1

2020-08-11 01:20:41,630 INFO PERFORMANCE:|2|2|-1|-1

2020-08-11 01:25:41,631 INFO PERFORMANCE:|2|2|-1|-1

2020-08-11 01:30:41,632 INFO PERFORMANCE:|2|2|-1|-1

2020-08-11 01:35:41,632 INFO PERFORMANCE:|2|2|-1|-1

2020-08-11 01:40:41,633 INFO PERFORMANCE:|2|2|-1|-1

2020-08-11 01:45:41,634 INFO PERFORMANCE:|2|2|-1|-1

2020-08-11 01:50:41,635 INFO PERFORMANCE:|2|2|-1|-1

2020-08-11 01:55:41,636 INFO PERFORMANCE:|2|2|-1|-1

2020-08-11 02:00:41,637 INFO PERFORMANCE:|2|2|-1|-1

2020-08-11 02:05:41,638 INFO PERFORMANCE:|2|2|-1|-1

2020-08-11 02:10:41,638 INFO PERFORMANCE:|2|2|-1|-1

2020-08-11 02:15:41,639 INFO PERFORMANCE:|2|2|-1|-1

2020-08-11 02:20:41,640 INFO PERFORMANCE:|2|2|-1|-1

2020-08-11 02:25:41,641 INFO PERFORMANCE:|2|2|-1|-1

2020-08-11 02:30:41,642 INFO PERFORMANCE:|2|2|-1|-1

2020-08-11 02:35:41,643 INFO PERFORMANCE:|2|2|-1|-1

2020-08-11 02:40:41,644 INFO PERFORMANCE:|2|2|-1|-1

2020-08-11 02:45:41,645 INFO PERFORMANCE:|2|2|-1|-1

2020-08-11 02:50:41,646 INFO PERFORMANCE:|2|2|-1|-1

2020-08-11 02:55:41,646 INFO PERFORMANCE:|2|2|-1|-1

2020-08-11 03:00:41,647 INFO PERFORMANCE:|2|2|-1|-1

2020-08-11 03:05:41,648 INFO PERFORMANCE:|2|2|-1|-1

2020-08-11 03:10:41,649 INFO PERFORMANCE:|2|2|-1|-1

2020-08-11 03:15:41,650 INFO PERFORMANCE:|2|2|-1|-1

2020-08-11 03:20:41,651 INFO PERFORMANCE:|2|2|-1|-1

2020-08-11 03:25:41,652 INFO PERFORMANCE:|2|2|-1|-1

2020-08-11 03:30:41,653 INFO PERFORMANCE:|2|2|-1|-1

2020-08-11 03:35:41,653 INFO PERFORMANCE:|2|2|-1|-1

2020-08-11 03:40:41,654 INFO PERFORMANCE:|2|2|-1|-1

2020-08-11 03:45:41,655 INFO PERFORMANCE:|2|2|-1|-1

2020-08-11 03:50:41,656 INFO PERFORMANCE:|2|2|-1|-1

2020-08-11 03:55:41,657 INFO PERFORMANCE:|2|2|-1|-1

2020-08-11 04:00:41,658 INFO PERFORMANCE:|2|2|-1|-1

2020-08-11 04:05:41,659 INFO PERFORMANCE:|2|2|-1|-1

2020-08-11 04:10:41,659 INFO PERFORMANCE:|2|2|-1|-1

2020-08-11 04:15:41,660 INFO PERFORMANCE:|2|2|-1|-1

2020-08-11 04:20:41,661 INFO PERFORMANCE:|2|2|-1|-1

2020-08-11 04:25:41,662 INFO PERFORMANCE:|2|2|-1|-1

2020-08-11 04:30:41,663 INFO PERFORMANCE:|2|2|-1|-1

2020-08-11 04:35:41,664 INFO PERFORMANCE:|2|2|-1|-1

2020-08-11 04:40:41,665 INFO PERFORMANCE:|2|2|-1|-1

2020-08-11 04:45:41,666 INFO PERFORMANCE:|2|2|-1|-1

2020-08-11 04:50:41,666 INFO PERFORMANCE:|2|2|-1|-1

2020-08-11 04:55:41,667 INFO PERFORMANCE:|2|2|-1|-1

2020-08-11 05:00:41,668 INFO PERFORMANCE:|2|2|-1|-1

2020-08-11 05:05:41,669 INFO PERFORMANCE:|2|2|-1|-1

2020-08-11 05:10:41,670 INFO PERFORMANCE:|2|2|-1|-1

2020-08-11 05:15:41,671 INFO PERFORMANCE:|2|2|-1|-1

2020-08-11 05:20:41,672 INFO PERFORMANCE:|2|2|-1|-1

2020-08-11 05:25:41,673 INFO PERFORMANCE:|2|2|-1|-1

2020-08-11 05:30:41,674 INFO PERFORMANCE:|2|2|-1|-1

2020-08-11 05:35:41,674 INFO PERFORMANCE:|2|2|-1|-1

2020-08-11 05:40:41,675 INFO PERFORMANCE:|2|2|-1|-1

2020-08-11 05:45:41,676 INFO PERFORMANCE:|2|2|-1|-1

2020-08-11 05:50:41,677 INFO PERFORMANCE:|2|2|-1|-1

2020-08-11 05:55:41,678 INFO PERFORMANCE:|2|2|-1|-1

2020-08-11 06:00:41,679 INFO PERFORMANCE:|2|2|-1|-1

2020-08-11 06:05:41,680 INFO PERFORMANCE:|2|2|-1|-1

2020-08-11 06:10:41,681 INFO PERFORMANCE:|2|2|-1|-1

2020-08-11 06:15:41,682 INFO PERFORMANCE:|2|2|-1|-1

2020-08-11 06:20:41,682 INFO PERFORMANCE:|2|2|-1|-1

2020-08-11 06:25:41,683 INFO PERFORMANCE:|2|2|-1|-1

2020-08-11 06:30:41,684 INFO PERFORMANCE:|2|2|-1|-1

2020-08-11 06:35:41,685 INFO PERFORMANCE:|2|2|-1|-1

2020-08-11 06:40:41,686 INFO PERFORMANCE:|2|2|-1|-1

2020-08-11 06:45:41,687 INFO PERFORMANCE:|2|2|-1|-1

2020-08-11 06:50:41,687 INFO PERFORMANCE:|2|2|-1|-1

2020-08-11 06:55:41,688 INFO PERFORMANCE:|2|2|-1|-1

2020-08-11 07:00:41,689 INFO PERFORMANCE:|2|2|-1|-1

2020-08-11 07:05:41,690 INFO PERFORMANCE:|2|2|-1|-1

2020-08-11 07:10:41,691 INFO PERFORMANCE:|2|2|-1|-1

2020-08-11 07:15:41,692 INFO PERFORMANCE:|2|2|-1|-1

2020-08-11 07:20:41,693 INFO PERFORMANCE:|2|2|-1|-1

2020-08-11 07:25:41,694 INFO PERFORMANCE:|2|2|-1|-1

2020-08-11 07:30:41,694 INFO PERFORMANCE:|2|2|-1|-1

2020-08-11 07:35:41,695 INFO PERFORMANCE:|2|2|-1|-1

2020-08-11 07:40:41,696 INFO PERFORMANCE:|2|2|-1|-1

2020-08-11 07:45:41,697 INFO PERFORMANCE:|2|2|-1|-1

2020-08-11 07:50:41,697 INFO PERFORMANCE:|2|2|-1|-1

2020-08-11 07:55:41,698 INFO PERFORMANCE:|2|2|-1|-1

2020-08-11 08:00:41,698 INFO PERFORMANCE:|2|2|-1|-1

