2020-07-06 09:06:56,609 INFO PERFORMANCE:|1|1|-1|-1

2020-07-06 09:11:56,612 INFO PERFORMANCE:|4|4|-1|-1

2020-07-06 09:16:56,613 INFO PERFORMANCE:|4|4|-1|-1

2020-07-06 09:21:56,614 INFO PERFORMANCE:|4|4|-1|-1

2020-07-06 09:26:56,617 INFO PERFORMANCE:|4|4|-1|-1

2020-07-06 09:31:56,619 INFO PERFORMANCE:|4|4|-1|-1

2020-07-06 09:36:56,621 INFO PERFORMANCE:|4|4|-1|-1

2020-07-06 09:41:56,622 INFO PERFORMANCE:|4|4|-1|-1

2020-07-06 09:46:56,623 INFO PERFORMANCE:|4|4|-1|-1

2020-07-06 09:51:56,625 INFO PERFORMANCE:|4|4|-1|-1

2020-07-06 09:56:56,627 INFO PERFORMANCE:|4|4|-1|-1

2020-07-06 10:01:56,627 INFO PERFORMANCE:|4|4|-1|-1

2020-07-06 10:06:56,629 INFO PERFORMANCE:|4|4|-1|-1

2020-07-06 10:11:56,631 INFO PERFORMANCE:|4|4|-1|-1

2020-07-06 10:16:56,633 INFO PERFORMANCE:|4|4|-1|-1

2020-07-06 10:21:56,635 INFO PERFORMANCE:|4|4|-1|-1

2020-07-06 10:26:56,637 INFO PERFORMANCE:|4|4|-1|-1

2020-07-06 10:31:56,639 INFO PERFORMANCE:|4|4|-1|-1

2020-07-06 10:36:56,641 INFO PERFORMANCE:|4|4|-1|-1

2020-07-06 10:41:56,642 INFO PERFORMANCE:|4|4|-1|-1

2020-07-06 10:46:56,643 INFO PERFORMANCE:|4|4|-1|-1

2020-07-06 10:51:56,644 INFO PERFORMANCE:|4|4|-1|-1

2020-07-06 10:56:56,645 INFO PERFORMANCE:|4|4|-1|-1

2020-07-06 11:01:56,646 INFO PERFORMANCE:|4|4|-1|-1

2020-07-06 11:06:56,648 INFO PERFORMANCE:|4|4|-1|-1

2020-07-06 11:11:56,649 INFO PERFORMANCE:|4|4|-1|-1

2020-07-06 11:16:56,650 INFO PERFORMANCE:|4|4|-1|-1

2020-07-06 11:21:56,651 INFO PERFORMANCE:|4|4|-1|-1

2020-07-06 11:26:56,653 INFO PERFORMANCE:|4|4|-1|-1

2020-07-06 11:31:56,654 INFO PERFORMANCE:|4|4|-1|-1

2020-07-06 11:36:56,656 INFO PERFORMANCE:|4|4|-1|-1

2020-07-06 11:41:56,657 INFO PERFORMANCE:|4|4|-1|-1

2020-07-06 11:46:56,659 INFO PERFORMANCE:|4|4|-1|-1

2020-07-06 11:51:56,661 INFO PERFORMANCE:|4|4|-1|-1

2020-07-06 11:56:56,662 INFO PERFORMANCE:|4|3|-1|-1

2020-07-06 12:01:56,663 INFO PERFORMANCE:|3|3|-1|-1

2020-07-06 12:07:00,874 INFO PERFORMANCE:|3|3|-1|-1

2020-07-06 12:12:00,876 INFO PERFORMANCE:|3|3|-1|-1

2020-07-06 12:17:00,878 INFO PERFORMANCE:|3|3|-1|-1

2020-07-06 12:22:00,880 INFO PERFORMANCE:|3|3|-1|-1

2020-07-06 12:27:00,881 INFO PERFORMANCE:|3|3|-1|-1

2020-07-06 12:32:00,883 INFO PERFORMANCE:|3|3|-1|-1

2020-07-06 12:37:00,884 INFO PERFORMANCE:|3|3|-1|-1

2020-07-06 12:42:00,886 INFO PERFORMANCE:|3|3|-1|-1

2020-07-06 12:47:00,888 INFO PERFORMANCE:|3|3|-1|-1

2020-07-06 12:52:00,890 INFO PERFORMANCE:|3|3|-1|-1

2020-07-06 12:57:00,892 INFO PERFORMANCE:|3|3|-1|-1

2020-07-06 13:02:00,894 INFO PERFORMANCE:|3|3|-1|-1

2020-07-06 13:07:00,896 INFO PERFORMANCE:|3|3|-1|-1

2020-07-06 13:12:00,897 INFO PERFORMANCE:|3|3|-1|-1

2020-07-06 13:17:00,899 INFO PERFORMANCE:|3|3|-1|-1

2020-07-06 13:22:00,900 INFO PERFORMANCE:|3|3|-1|-1

2020-07-06 13:27:00,901 INFO PERFORMANCE:|3|3|-1|-1

2020-07-06 13:32:00,903 INFO PERFORMANCE:|3|3|-1|-1

2020-07-06 13:37:00,904 INFO PERFORMANCE:|3|3|-1|-1

2020-07-06 13:42:00,905 INFO PERFORMANCE:|3|3|-1|-1

2020-07-06 13:47:00,907 INFO PERFORMANCE:|3|3|-1|-1

2020-07-06 13:52:00,908 INFO PERFORMANCE:|3|3|-1|-1

2020-07-06 13:57:00,910 INFO PERFORMANCE:|3|3|-1|-1

2020-07-06 14:02:00,911 INFO PERFORMANCE:|3|3|-1|-1

2020-07-06 14:07:00,913 INFO PERFORMANCE:|3|3|-1|-1

2020-07-06 14:12:00,914 INFO PERFORMANCE:|0|0|-1|-1

2020-07-06 14:17:00,915 INFO PERFORMANCE:|0|0|-1|-1

2020-07-06 14:22:00,916 INFO PERFORMANCE:|0|0|-1|-1

2020-07-06 14:27:00,917 INFO PERFORMANCE:|0|0|-1|-1

2020-07-06 14:32:00,918 INFO PERFORMANCE:|0|0|-1|-1

2020-07-06 14:37:00,920 INFO PERFORMANCE:|0|0|-1|-1

2020-07-06 14:42:00,922 INFO PERFORMANCE:|0|0|-1|-1

2020-07-06 14:47:00,924 INFO PERFORMANCE:|0|0|-1|-1

2020-07-06 14:52:00,926 INFO PERFORMANCE:|0|0|-1|-1

2020-07-06 14:57:00,927 INFO PERFORMANCE:|0|0|-1|-1

2020-07-06 15:02:00,930 INFO PERFORMANCE:|0|0|-1|-1

